Arguments: 
  C:\Program Files\nodejs\node.exe C:\Users\1\AppData\Roaming\npm\node_modules\yarn\bin\yarn.js add @notifee/react-native

PATH: 
  C:\Users\1\bin;F:\cmder\bin;F:\cmder\vendor\bin;C:\Program Files\Git\bin;F:\cmder\vendor\git-for-windows\mingw64\bin;F:\cmder\vendor\git-for-windows\usr\local\bin;F:\cmder\vendor\git-for-windows\usr\bin;F:\cmder\vendor\git-for-windows\usr\bin;F:\cmder\vendor\git-for-windows\mingw64\bin;F:\cmder\vendor\git-for-windows\usr\bin;C:\Users\1\bin;F:\cmder\vendor\conemu-maximus5\ConEmu\Scripts;F:\cmder\vendor\conemu-maximus5;F:\cmder\vendor\conemu-maximus5\ConEmu;C:\Program Files (x86)\NVIDIA Corporation\PhysX\Common;C:\Program Files (x86)\Intel\Intel(R) Management Engine Components\iCLS;C:\Program Files\Intel\Intel(R) Management Engine Components\iCLS;C:\Windows\system32;C:\Windows;C:\Windows\System32\Wbem;C:\Windows\System32\WindowsPowerShell\v1.0;C:\Windows\System32\OpenSSH;C:\Program Files (x86)\Intel\Intel(R) Management Engine Components\DAL;C:\Program Files\Intel\Intel(R) Management Engine Components\DAL;C:\Program Files (x86)\Intel\Intel(R) Management Engine Components\IPT;C:\Program Files\Intel\Intel(R) Management Engine Components\IPT;C:\Program Files\NVIDIA Corporation\NVIDIA NvDLISR;C:\ProgramData\chocolatey\bin;C:\Program Files\Git\cmd;C:\Program Files\nodejs;C:\Program Files\WireGuard;C:\Program Files\dotnet;C:\Users\1\AppData\Local\Programs\Python\Python310\Scripts;C:\Users\1\AppData\Local\Programs\Python\Python310;C:\Users\1\AppData\Local\Microsoft\WindowsApps;C:\Microsoft VS Code\bin;C:\Users\1\AppData\Roaming\npm;F:\cmder;F:\cmder\vendor\git-for-windows\usr\bin\vendor_perl;F:\cmder\vendor\git-for-windows\usr\bin\core_perl

Yarn version: 
  1.22.18

Node version: 
  16.14.2

Platform: 
  win32 x64

Trace: 
  Error: https://registry.yarnpkg.com/graphql/-/graphql-15.8.0.tgz: ESOCKETTIMEDOUT
      at ClientRequest.<anonymous> (C:\Users\1\AppData\Roaming\npm\node_modules\yarn\lib\cli.js:141510:19)
      at Object.onceWrapper (node:events:645:28)
      at ClientRequest.emit (node:events:526:28)
      at TLSSocket.emitRequestTimeout (node:_http_client:758:9)
      at Object.onceWrapper (node:events:645:28)
      at TLSSocket.emit (node:events:538:35)
      at TLSSocket.Socket._onTimeout (node:net:501:8)
      at listOnTimeout (node:internal/timers:559:17)
      at processTimers (node:internal/timers:502:7)

npm manifest: 
  {
    "name": "todolist",
    "version": "1.0.0",
    "main": "node_modules/expo/AppEntry.js",
    "scripts": {
      "start": "expo start",
      "android": "expo start --android",
      "ios": "expo start --ios",
      "web": "expo start --web"
    },
    "dependencies": {
      "expo": "~48.0.15",
      "expo-status-bar": "~1.4.4",
      "react": "18.2.0",
      "react-dom": "^18.2.0",
      "react-native": "0.71.7",
      "react-native-web": "~0.18.11"
    },
    "devDependencies": {
      "@babel/core": "^7.20.0",
      "@types/react": "~18.0.14",
      "@types/react-native": "^0.72.0",
      "typescript": "^4.9.4"
    },
    "private": true
  }

yarn manifest: 
  No manifest

Lockfile: 
  No lockfile
